<?xml version="1.0" encoding="utf-8"?><testsuites name="pytest tests"><testsuite name="pytest" errors="0" failures="0" skipped="0" tests="12" time="1.083" timestamp="2026-03-15T02:34:32.795327+00:00" hostname="agent-env-d6922452-ea1d-4370-ab30-0fb6da2bece1"><testcase classname="tests.test_notifications.TestNotificationsAPI" name="test_01_notifications_require_auth" time="0.191" /><testcase classname="tests.test_notifications.TestNotificationsAPI" name="test_02_mark_read_requires_auth" time="0.164" /><testcase classname="tests.test_notifications.TestNotificationsAPI" name="test_03_mark_all_read_requires_auth" time="0.116" /><testcase classname="tests.test_notifications.TestNotificationsAPI" name="test_04_delete_notification_requires_auth" time="0.100" /><testcase classname="tests.test_notifications.TestNotificationsAPI" name="test_05_appointment_creates_notification_for_salon_owner" time="0.123" /><testcase classname="tests.test_notifications.TestNotificationsWithMockedAuth" name="test_verify_notification_created_in_db" time="0.078" /><testcase classname="tests.test_notifications.TestNotificationsWithMockedAuth" name="test_notification_data_structure" time="0.003" /><testcase classname="tests.test_notifications.TestNotificationEndpointsWithDirectDBAccess" name="test_mark_notification_read_db_operation" time="0.006" /><testcase classname="tests.test_notifications.TestNotificationEndpointsWithDirectDBAccess" name="test_mark_all_notifications_read_db_operation" time="0.004" /><testcase classname="tests.test_notifications.TestNotificationEndpointsWithDirectDBAccess" name="test_delete_notification_db_operation" time="0.004" /><testcase classname="tests.test_notifications.TestSalonOwnerNotifications" name="test_salon_owner_receives_notification_on_appointment" time="0.110" /><testcase classname="tests.test_notifications.TestFounderNotifications" name="test_founder_receives_notification_for_unowned_salon" time="0.117" /></testsuite></testsuites>