<?xml version="1.0" encoding="utf-8"?><testsuites name="pytest tests"><testsuite name="pytest" errors="0" failures="0" skipped="0" tests="13" time="1.810" timestamp="2026-03-15T04:43:47.446078+00:00" hostname="agent-env-d6922452-ea1d-4370-ab30-0fb6da2bece1"><testcase classname="tests.test_promotions_and_photos.TestPromotionsPublicEndpoint" name="test_get_promotions_active_only" time="0.243" /><testcase classname="tests.test_promotions_and_photos.TestPromotionsPublicEndpoint" name="test_get_promotions_all" time="0.113" /><testcase classname="tests.test_promotions_and_photos.TestPromotionsPublicEndpoint" name="test_get_promotions_invalid_salon" time="0.115" /><testcase classname="tests.test_promotions_and_photos.TestPromotionsRequiresAuth" name="test_create_promotion_requires_auth" time="0.115" /><testcase classname="tests.test_promotions_and_photos.TestPromotionsRequiresAuth" name="test_update_promotion_requires_auth" time="0.115" /><testcase classname="tests.test_promotions_and_photos.TestPromotionsRequiresAuth" name="test_delete_promotion_requires_auth" time="0.106" /><testcase classname="tests.test_promotions_and_photos.TestPhotoUploadRequiresAuth" name="test_update_user_photo_requires_auth" time="0.110" /><testcase classname="tests.test_promotions_and_photos.TestPhotoUploadRequiresAuth" name="test_update_barber_photo_requires_auth" time="0.209" /><testcase classname="tests.test_promotions_and_photos.TestPhotoUploadRequiresAuth" name="test_update_haircut_photo_requires_auth" time="0.101" /><testcase classname="tests.test_promotions_and_photos.TestPromotionResponseStructure" name="test_promotion_fields" time="0.151" /><testcase classname="tests.test_promotions_and_photos.TestCloudinarySignature" name="test_cloudinary_signature_endpoint_exists" time="0.145" /><testcase classname="tests.test_promotions_and_photos.TestHaircutsWithPromotionalPricing" name="test_get_haircuts_with_pricing" time="0.114" /><testcase classname="tests.test_promotions_and_photos.TestSalonBarbersEndpoint" name="test_get_salon_barbers" time="0.113" /></testsuite></testsuites>