<?xml version="1.0" encoding="utf-8"?><testsuites name="pytest tests"><testsuite name="pytest" errors="0" failures="0" skipped="0" tests="17" time="2.970" timestamp="2026-03-15T02:12:16.298962+00:00" hostname="agent-env-d6922452-ea1d-4370-ab30-0fb6da2bece1"><testcase classname="backend.tests.test_auth_and_founder.TestHealthEndpoint" name="test_health_endpoint" time="0.209" /><testcase classname="backend.tests.test_auth_and_founder.TestAuthEndpoints" name="test_auth_me_unauthenticated" time="0.111" /><testcase classname="backend.tests.test_auth_and_founder.TestAuthEndpoints" name="test_auth_me_with_invalid_token" time="0.157" /><testcase classname="backend.tests.test_auth_and_founder.TestAuthEndpoints" name="test_auth_login_missing_credentials" time="0.113" /><testcase classname="backend.tests.test_auth_and_founder.TestAuthEndpoints" name="test_auth_login_invalid_credentials" time="0.159" /><testcase classname="backend.tests.test_auth_and_founder.TestPublicEndpoints" name="test_salons_list" time="0.142" /><testcase classname="backend.tests.test_auth_and_founder.TestPublicEndpoints" name="test_products_list" time="0.145" /><testcase classname="backend.tests.test_auth_and_founder.TestPublicEndpoints" name="test_haircuts_list" time="0.108" /><testcase classname="backend.tests.test_auth_and_founder.TestPublicEndpoints" name="test_trimconnect_entries" time="0.112" /><testcase classname="backend.tests.test_auth_and_founder.TestPublicEndpoints" name="test_trimconnect_leaderboard" time="0.165" /><testcase classname="backend.tests.test_auth_and_founder.TestProtectedEndpoints" name="test_founder_users_requires_auth" time="0.115" /><testcase classname="backend.tests.test_auth_and_founder.TestProtectedEndpoints" name="test_founder_stats_requires_auth" time="0.113" /><testcase classname="backend.tests.test_auth_and_founder.TestProtectedEndpoints" name="test_appointments_requires_auth" time="0.118" /><testcase classname="backend.tests.test_auth_and_founder.TestSalonEndpoints" name="test_get_salon_by_id" time="0.236" /><testcase classname="backend.tests.test_auth_and_founder.TestSalonEndpoints" name="test_get_salon_barbers" time="0.225" /><testcase classname="backend.tests.test_auth_and_founder.TestSalonEndpoints" name="test_get_salon_haircuts" time="0.214" /><testcase classname="backend.tests.test_auth_and_founder.TestProductFiltering" name="test_products_filter_by_category" time="0.457" /></testsuite></testsuites>