<?xml version="1.0" encoding="utf-8"?><testsuites name="pytest tests"><testsuite name="pytest" errors="0" failures="0" skipped="0" tests="11" time="2.066" timestamp="2026-03-15T04:33:27.739816+00:00" hostname="agent-env-d6922452-ea1d-4370-ab30-0fb6da2bece1"><testcase classname="backend.tests.test_salon_pricing.TestSalonPricingPublicEndpoints" name="test_get_salon_pricing_success" time="0.223" /><testcase classname="backend.tests.test_salon_pricing.TestSalonPricingPublicEndpoints" name="test_get_salon_pricing_structure" time="0.165" /><testcase classname="backend.tests.test_salon_pricing.TestSalonPricingPublicEndpoints" name="test_get_salon_pricing_invalid_salon" time="0.111" /><testcase classname="backend.tests.test_salon_pricing.TestSalonPricingPublicEndpoints" name="test_get_haircuts_with_pricing_for_booking" time="0.120" /><testcase classname="backend.tests.test_salon_pricing.TestSalonPricingAuthenticatedEndpoints" name="test_update_single_price_requires_auth" time="0.245" /><testcase classname="backend.tests.test_salon_pricing.TestSalonPricingAuthenticatedEndpoints" name="test_delete_price_requires_auth" time="0.230" /><testcase classname="backend.tests.test_salon_pricing.TestSalonPricingAuthenticatedEndpoints" name="test_bulk_update_pricing_requires_auth" time="0.099" /><testcase classname="backend.tests.test_salon_pricing.TestAppointmentWithSalonPricing" name="test_appointment_creation_price_structure" time="0.362" /><testcase classname="backend.tests.test_salon_pricing.TestSalonPricingHaircutCount" name="test_expected_haircut_count" time="0.102" /><testcase classname="backend.tests.test_salon_pricing.TestSalonPricingDataIntegrity" name="test_price_values_are_valid" time="0.102" /><testcase classname="backend.tests.test_salon_pricing.TestSalonPricingDataIntegrity" name="test_haircuts_with_pricing_matches_pricing_endpoint" time="0.242" /></testsuite></testsuites>