<?xml version="1.0" encoding="utf-8"?><testsuites name="pytest tests"><testsuite name="pytest" errors="0" failures="0" skipped="0" tests="22" time="2.808" timestamp="2026-03-15T04:23:50.420752+00:00" hostname="agent-env-d6922452-ea1d-4370-ab30-0fb6da2bece1"><testcase classname="backend.tests.test_afrocrown_features.TestSalonLiveScreen" name="test_get_live_screen_data" time="0.271" /><testcase classname="backend.tests.test_afrocrown_features.TestSalonLiveScreen" name="test_live_screen_invalid_salon" time="0.112" /><testcase classname="backend.tests.test_afrocrown_features.TestSalonLiveScreen" name="test_live_screen_with_date_param" time="0.108" /><testcase classname="backend.tests.test_afrocrown_features.TestSalonReviews" name="test_get_salon_reviews_empty" time="0.107" /><testcase classname="backend.tests.test_afrocrown_features.TestSalonReviews" name="test_get_barber_reviews" time="0.134" /><testcase classname="backend.tests.test_afrocrown_features.TestSalonReviews" name="test_get_platform_reviews" time="0.151" /><testcase classname="backend.tests.test_afrocrown_features.TestSalonReviews" name="test_create_review_without_auth" time="0.121" /><testcase classname="backend.tests.test_afrocrown_features.TestSalonReviews" name="test_get_review_for_nonexistent_appointment" time="0.155" /><testcase classname="backend.tests.test_afrocrown_features.TestBarberManagement" name="test_get_salon_barbers" time="0.104" /><testcase classname="backend.tests.test_afrocrown_features.TestBarberManagement" name="test_barber_has_availability_fields" time="0.125" /><testcase classname="backend.tests.test_afrocrown_features.TestBarberManagement" name="test_update_barber_availability_without_auth" time="0.105" /><testcase classname="backend.tests.test_afrocrown_features.TestBarberManagement" name="test_delete_barber_without_auth" time="0.121" /><testcase classname="backend.tests.test_afrocrown_features.TestArrivalNotification" name="test_arrival_notification_without_auth" time="0.102" /><testcase classname="backend.tests.test_afrocrown_features.TestArrivalNotification" name="test_arrival_notification_validation" time="0.103" /><testcase classname="backend.tests.test_afrocrown_features.TestSalonEndpoints" name="test_get_salons_list" time="0.116" /><testcase classname="backend.tests.test_afrocrown_features.TestSalonEndpoints" name="test_get_salon_details" time="0.123" /><testcase classname="backend.tests.test_afrocrown_features.TestSalonEndpoints" name="test_get_salon_stats" time="0.105" /><testcase classname="backend.tests.test_afrocrown_features.TestHaircutsEndpoint" name="test_get_salon_haircuts" time="0.103" /><testcase classname="backend.tests.test_afrocrown_features.TestAppointmentsEndpoint" name="test_get_appointments_without_auth" time="0.142" /><testcase classname="backend.tests.test_afrocrown_features.TestAppointmentsEndpoint" name="test_get_salon_appointments_without_auth" time="0.103" /><testcase classname="backend.tests.test_afrocrown_features.TestNotificationsEndpoint" name="test_get_notifications_without_auth" time="0.110" /><testcase classname="backend.tests.test_afrocrown_features.TestHealthCheck" name="test_api_reachable" time="0.104" /></testsuite></testsuites>