<?xml version="1.0" encoding="utf-8"?><testsuites name="pytest tests"><testsuite name="pytest" errors="0" failures="0" skipped="0" tests="12" time="2.045" timestamp="2026-03-16T02:00:01.422706+00:00" hostname="agent-env-d6922452-ea1d-4370-ab30-0fb6da2bece1"><testcase classname="backend.tests.test_salon_search.TestSalonLocationAPIs" name="test_get_countries_returns_list" time="0.268" /><testcase classname="backend.tests.test_salon_search.TestSalonLocationAPIs" name="test_get_cities_for_country" time="0.248" /><testcase classname="backend.tests.test_salon_search.TestSalonLocationAPIs" name="test_get_all_cities_without_filter" time="0.120" /><testcase classname="backend.tests.test_salon_search.TestSalonLocationAPIs" name="test_search_salons_by_city" time="0.147" /><testcase classname="backend.tests.test_salon_search.TestSalonLocationAPIs" name="test_search_salons_by_country" time="0.139" /><testcase classname="backend.tests.test_salon_search.TestSalonLocationAPIs" name="test_search_salons_no_results" time="0.109" /><testcase classname="backend.tests.test_salon_search.TestSalonListAndDetailAPIs" name="test_list_all_salons" time="0.111" /><testcase classname="backend.tests.test_salon_search.TestSalonListAndDetailAPIs" name="test_get_salon_details" time="0.308" /><testcase classname="backend.tests.test_salon_search.TestSalonListAndDetailAPIs" name="test_get_salon_not_found" time="0.112" /><testcase classname="backend.tests.test_salon_search.TestRoutingNotIntercepted" name="test_locations_countries_not_intercepted" time="0.116" /><testcase classname="backend.tests.test_salon_search.TestRoutingNotIntercepted" name="test_locations_cities_not_intercepted" time="0.118" /><testcase classname="backend.tests.test_salon_search.TestRoutingNotIntercepted" name="test_search_not_intercepted" time="0.184" /></testsuite></testsuites>