<?xml version="1.0" encoding="utf-8"?><testsuites name="pytest tests"><testsuite name="pytest" errors="0" failures="0" skipped="0" tests="15" time="2.607" timestamp="2026-03-15T05:14:47.532809+00:00" hostname="agent-env-d6922452-ea1d-4370-ab30-0fb6da2bece1"><testcase classname="backend.tests.test_premium_services.TestPremiumServicesPublicEndpoints" name="test_get_premium_services_empty" time="0.258" /><testcase classname="backend.tests.test_premium_services.TestPremiumServicesPublicEndpoints" name="test_get_premium_services_invalid_salon" time="0.139" /><testcase classname="backend.tests.test_premium_services.TestPremiumServicesAuthRequired" name="test_create_premium_service_requires_auth" time="0.156" /><testcase classname="backend.tests.test_premium_services.TestPremiumServicesAuthRequired" name="test_update_premium_service_requires_auth" time="0.105" /><testcase classname="backend.tests.test_premium_services.TestPremiumServicesAuthRequired" name="test_delete_premium_service_requires_auth" time="0.145" /><testcase classname="backend.tests.test_premium_services.TestPromotionsEndpoints" name="test_get_promotions" time="0.100" /><testcase classname="backend.tests.test_premium_services.TestPromotionsEndpoints" name="test_get_promotions_include_inactive" time="0.180" /><testcase classname="backend.tests.test_premium_services.TestPromotionsEndpoints" name="test_create_promotion_requires_auth" time="0.108" /><testcase classname="backend.tests.test_premium_services.TestAppointmentsWithPremium" name="test_get_salons_list" time="0.102" /><testcase classname="backend.tests.test_premium_services.TestAppointmentsWithPremium" name="test_get_salon_barbers" time="0.103" /><testcase classname="backend.tests.test_premium_services.TestAppointmentsWithPremium" name="test_get_salon_haircuts" time="0.117" /><testcase classname="backend.tests.test_premium_services.TestAppointmentsWithPremium" name="test_create_standard_appointment" time="0.347" /><testcase classname="backend.tests.test_premium_services.TestAppointmentsWithPremium" name="test_create_premium_appointment_without_services_fails" time="0.433" /><testcase classname="backend.tests.test_premium_services.TestPromotionsManagerIntegration" name="test_promotions_response_structure" time="0.134" /><testcase classname="backend.tests.test_premium_services.TestHaircutsForPremium" name="test_get_haircuts_with_pricing" time="0.107" /></testsuite></testsuites>